<?xml version="1.0" encoding="UTF-8"?>
<!DOCTYPE report PUBLIC "-//JACOCO//DTD Report 1.1//EN" "report.dtd">
<report name="DetailedProject">
  <package name="com/example">
    <sourcefile name="Foo.java">
      <line nr="10" mi="0" ci="5" mb="0" cb="2"/>
      <line nr="11" mi="3" ci="0" mb="1" cb="0"/>
      <line nr="12" mi="0" ci="2" mb="0" cb="0"/>
      <line nr="13" mi="0" ci="4" mb="1" cb="1"/>
      <counter type="LINE" missed="1" covered="3"/>
      <counter type="BRANCH" missed="2" covered="3"/>
      <counter type="METHOD" missed="1" covered="2"/>
    </sourcefile>
    <sourcefile name="Bar.java">
      <line nr="5" mi="0" ci="3" mb="0" cb="0"/>
      <line nr="6" mi="2" ci="0" mb="0" cb="0"/>
      <counter type="LINE" missed="1" covered="1"/>
      <counter type="METHOD" missed="0" covered="1"/>
    </sourcefile>
  </package>
  <counter type="INSTRUCTION" missed="5" covered="14"/>
  <counter type="BRANCH" missed="2" covered="3"/>
  <counter type="LINE" missed="2" covered="4"/>
  <counter type="METHOD" missed="1" covered="3"/>
</report>
