<?xml version="1.0" encoding="UTF-8"?>
<coverage generated="1609459200" clover="4.4.1">
  <project timestamp="1609459200" name="TopLevelProject">
    <metrics statements="5" coveredstatements="3"
             conditionals="0" coveredconditionals="0"
             methods="1" coveredmethods="1"
             elements="6" coveredelements="4"
             loc="20" ncloc="15"
             packages="0" files="1" classes="1"/>
    <file name="main.py">
      <metrics statements="5" coveredstatements="3"
               conditionals="0" coveredconditionals="0"
               methods="1" coveredmethods="1"/>
      <line num="1" type="stmt" count="1"/>
      <line num="2" type="stmt" count="1"/>
      <line num="3" type="stmt" count="0"/>
      <line num="4" type="stmt" count="0"/>
      <line num="5" type="method" count="1"/>
    </file>
  </project>
</coverage>
