<?xml version="1.0" encoding="UTF-8"?>
<coverage generated="1609459200" clover="4.4.1">
  <project timestamp="1609459200" name="MyProject">
    <metrics statements="10" coveredstatements="7"
             conditionals="4" coveredconditionals="2"
             methods="3" coveredmethods="2"
             elements="17" coveredelements="11"
             loc="100" ncloc="80"
             packages="1" files="2" classes="2"/>
    <package name="com.example">
      <file name="Foo.php" path="src/Foo.php">
        <metrics statements="6" coveredstatements="4"
                 conditionals="2" coveredconditionals="1"
                 methods="2" coveredmethods="1"/>
        <line num="10" type="method" count="5"/>
        <line num="11" type="stmt" count="3"/>
        <line num="12" type="stmt" count="0"/>
        <line num="13" type="cond" count="2"/>
        <line num="14" type="stmt" count="1"/>
        <line num="20" type="method" count="0"/>
        <line num="21" type="stmt" count="0"/>
        <line num="22" type="cond" count="0"/>
      </file>
      <file name="Bar.php" path="src/Bar.php">
        <metrics statements="4" coveredstatements="3"
                 conditionals="2" coveredconditionals="1"
                 methods="1" coveredmethods="1"/>
        <line num="5" type="method" count="2"/>
        <line num="6" type="stmt" count="2"/>
        <line num="7" type="stmt" count="1"/>
        <line num="8" type="cond" count="1"/>
        <line num="9" type="stmt" count="0"/>
      </file>
    </package>
  </project>
</coverage>
